<?xml version="1.0" encoding="UTF-8"?>
<!-- Generated by org.testng.reporters.JUnitReportReporter -->
<testsuite hostname="DESKTOP-UNS636M" failures="0" tests="1" name="testDemo.loginTest" time="10.088" errors="0" timestamp="2023-09-13T11:29:36 IST" skipped="0">
  <testcase classname="testDemo.loginTest" name="verify_login" time="10.088"/>
</testsuite> <!-- testDemo.loginTest -->
